main.obj : error LNK2001: unresolved external symbol _clCreateBuffer@24
main.obj : error LNK2001: unresolved external symbol _clEnqueueNDRangeKernel@36
main.obj : error LNK2001: unresolved external symbol _clBuildProgram@24
main.obj : error LNK2001: unresolved external symbol _clReleaseCommandQueue@4
main.obj : error LNK2001: unresolved external symbol _clReleaseProgram@4
main.obj : error LNK2001: unresolved external symbol _clReleaseKernel@4
main.obj : error LNK2001: unresolved external symbol __imp__FreeImage_GetHeight@4
main.obj : error LNK2001: unresolved external symbol __imp__FreeImage_Unload@4
main.obj : error LNK2001: unresolved external symbol _clFinish@4
main.obj : error LNK2001: unresolved external symbol __imp__FreeImage_ConvertToGreyscale@4
main.obj : error LNK2001: unresolved external symbol _clEnqueueReadBuffer@36
main.obj : error LNK2001: unresolved external symbol _clGetDeviceIDs@24
main.obj : error LNK2001: unresolved external symbol _clReleaseContext@4
main.obj : error LNK2001: unresolved external symbol _clCreateCommandQueueWithProperties@16
main.obj : error LNK2001: unresolved external symbol _clCreateContext@24
main.obj : error LNK2001: unresolved external symbol _clGetKernelWorkGroupInfo@24
main.obj : error LNK2001: unresolved external symbol _clFlush@4
main.obj : error LNK2001: unresolved external symbol _clGetPlatformIDs@12
main.obj : error LNK2001: unresolved external symbol __imp__FreeImage_Load@12
main.obj : error LNK2001: unresolved external symbol _clReleaseMemObject@4
main.obj : error LNK2001: unresolved external symbol __imp__FreeImage_GetWidth@4
main.obj : error LNK2001: unresolved external symbol _clGetProgramBuildInfo@24
main.obj : error LNK2001: unresolved external symbol _clEnqueueWriteBuffer@36
main.obj : error LNK2001: unresolved external symbol _clCreateKernel@12
main.obj : error LNK2001: unresolved external symbol _clCreateProgramWithSource@20
main.obj : error LNK2001: unresolved external symbol _clSetKernelArg@16
main.obj : error LNK2001: unresolved external symbol __imp__FreeImage_ConvertToRawBits@32
C:\projects\cpp_vpsa\Release\cpp_retardiran_7.exe : fatal error LNK1120: 27 unresolved externals
